<?xml version="1.0" encoding="UTF-8"?>
<!-- Generated by org.testng.reporters.JUnitReportReporter -->
<testsuite hostname="LAPTOP-8OG7RLSC" failures="0" tests="8" name="com.sevenrmartsupermarket.tests.AdminUserTest" time="38.356" errors="0" timestamp="15 Oct 2023 14:35:35 GMT" skipped="1">
  <testcase classname="com.sevenrmartsupermarket.tests.AdminUserTest" name="verifyAdminUserCreation" time="6.102"/>
  <testcase classname="com.sevenrmartsupermarket.tests.AdminUserTest" name="verifyUserDeactivation" time="4.460"/>
  <testcase classname="com.sevenrmartsupermarket.tests.AdminUserTest" name="verifyUserActivation" time="4.513"/>
  <testcase classname="com.sevenrmartsupermarket.tests.AdminUserTest" name="verifyEditUserName" time="5.165"/>
  <testcase classname="com.sevenrmartsupermarket.tests.AdminUserTest" name="verifyUserSearch" time="5.017"/>
  <testcase classname="com.sevenrmartsupermarket.tests.AdminUserTest" name="verifyDeleteUser" time="5.694"/>
  <testcase classname="com.sevenrmartsupermarket.tests.AdminUserTest" name="verifyReset" time="7.405"/>
  <testcase classname="com.sevenrmartsupermarket.tests.AdminUserTest" name="verifyPagination">
    <skipped/>
  </testcase> <!-- verifyPagination -->
</testsuite> <!-- com.sevenrmartsupermarket.tests.AdminUserTest -->
