<?xml version="1.0" encoding="UTF-8"?>
<!-- Generated by org.testng.reporters.JUnitReportReporter -->
<testsuite hostname="LAPTOP-8OG7RLSC" failures="0" tests="1" name="com.sevenrmartsupermarket.tests.PushNotificationsTest" time="8.912" errors="0" timestamp="15 Oct 2023 15:40:38 GMT" skipped="0">
  <testcase classname="com.sevenrmartsupermarket.tests.PushNotificationsTest" name="verifyPushNotificationReset" time="8.912"/>
</testsuite> <!-- com.sevenrmartsupermarket.tests.PushNotificationsTest -->
